<?xml version="1.0" encoding="UTF-8"?>
<!-- Generated by org.testng.reporters.JUnitReportReporter -->
<testsuite skipped="0" hostname="DESKTOP-6NR16N6" name="com.mercurytours.tests.TC_Reservation_0002" tests="1" failures="0" timestamp="2020-05-07T15:48:26 NPT" time="183.651" errors="0">
  <testcase name="flightReservation" time="183.651" classname="com.mercurytours.tests.TC_Reservation_0002"/>
  <system-out/>
</testsuite> <!-- com.mercurytours.tests.TC_Reservation_0002 -->
