<?xml version="1.0" encoding="UTF-8"?>
<!-- Generated by org.testng.reporters.JUnitReportReporter -->
<testsuite skipped="0" hostname="DESKTOP-6NR16N6" name="com.mercurytours.testData.GetLinks" tests="1" failures="0" timestamp="2020-05-10T08:09:48 NPT" time="14.576" errors="0">
  <testcase name="getLinks" time="14.576" classname="com.mercurytours.testData.GetLinks"/>
  <system-out/>
</testsuite> <!-- com.mercurytours.testData.GetLinks -->
