<?xml version="1.0" encoding="UTF-8"?>
<!-- Generated by org.testng.reporters.JUnitReportReporter -->
<testsuite skipped="0" hostname="DESKTOP-6NR16N6" name="com.mercurytours.tests.TC_Reservation_0002" tests="1" failures="0" timestamp="2020-05-13T20:04:35 NPT" time="22.097" errors="0">
  <testcase name="flightReservation" time="22.097" classname="com.mercurytours.tests.TC_Reservation_0002"/>
  <system-out/>
</testsuite> <!-- com.mercurytours.tests.TC_Reservation_0002 -->
